johnmurphy@Johns-MacBook-Pro stephen-python-words % python3 03\ based\ on\ individual\ buys\ strategy\ copy.py 
Word: RECZSCOREDIFF320, Mean Trend (%): 38.757679239570564
Word: TIMETOFLIP, Mean Trend (%): 34.152943805264385
Word: fuck, Mean Trend (%): 25.043349093824474
Word: RECZSCOREDIFF240, Mean Trend (%): 20.752491370357117
Word: RECZSCOREDIFFN560, Mean Trend (%): 20.228353446005656
Word: SUPERDUPERSTRONG_BONUSOFFSET, Mean Trend (%): 18.666362914468802
Word: PDOLVOLGT100M, Mean Trend (%): 18.21917708652982
Word: FIFTY_STSENTOFFSET, Mean Trend (%): 15.859794067433096
Word: RECZSCOREDIFF0, Mean Trend (%): 15.737735734174
Word: RECZSCOREDIFFN240, Mean Trend (%): 14.576272204997876
Word: ZSCORESUMGT1500, Mean Trend (%): 14.051448588173395
Word: WORDMULT200, Mean Trend (%): 13.146129506786684
Word: PDOLVOLLT20M, Mean Trend (%): 13.034658941447498
Word: BBSCOREGT50, Mean Trend (%): 12.949041064693066
Word: SHORTINTERESTLT15, Mean Trend (%): 12.887612983940679
Word: RECZSCOREDIFFN640, Mean Trend (%): 12.610700304480234
Word: SUPERDUPERSTRONG_RECOFFSET, Mean Trend (%): 12.43055135489104
Word: SUPERDUPERSTRONG_RSIOFFSET, Mean Trend (%): 12.353913035173948
Word: ACTONBUYMULTTIMEBRUNCH, Mean Trend (%): 12.31035167049163
Word: AVERAGE DOWNWF, Mean Trend (%): 12.043537262467364
Word: INFLATIONCOUNTGT70, Mean Trend (%): 11.751810025752805
Word: oneToTwo, Mean Trend (%): 11.564530873729916
Word: down15, Mean Trend (%): 11.199556623377037
Word: initial, Mean Trend (%): 11.199556623377037
Word: HOTCOUNTWORD10, Mean Trend (%): 11.051716392990684
Word: straightDown120, Mean Trend (%): 10.843586519380308
Word: failedHistoricalCheck, Mean Trend (%): 10.490079365079293
Word: DTSCORELTNEG400, Mean Trend (%): 10.420969399032415
Word: RETURNLTNEG12, Mean Trend (%): 10.414146510463068
Word: split, Mean Trend (%): 10.161825524524218
Word: RECZSCOREDIFF280, Mean Trend (%): 10.142227480016789
Word: reverse split, Mean Trend (%): 10.072358558788258
Word: SUPERDUPERSTRONG_JOHNSFAVOFFSET, Mean Trend (%): 10.04513155002905
Word: ZSCORESUMGT1600, Mean Trend (%): 10.03722536961164
Word: FIFTY_VOLUMETOFLOATOFFSET, Mean Trend (%): 10.033557469873637
Word: HOTCOUNTWORD6, Mean Trend (%): 10.006486750137976
Word: LOWESTSINGLEWORDPERC, Mean Trend (%): 9.967074902856277
Word: BBSCORELTN100, Mean Trend (%): 9.918210794242784
Word: ZSCORESUMGT200, Mean Trend (%): 9.836409125088851
Word: FIFTY_RECENTPICKTRENDOFFSET, Mean Trend (%): 9.519867494342988
Word: SUPERDUPERSTRONG_FIVEMINUTERSIOFFSET, Mean Trend (%): 9.304406412264058
Word: POB70, Mean Trend (%): 9.291406931676823
Word: POSITIONWORDANALYSISSINGLELTN7, Mean Trend (%): 9.047342751874247
Word: SHORTINTERESTLT25, Mean Trend (%): 9.042419703448564
Word: RECZSCOREDIFF120, Mean Trend (%): 8.937076925254276
Word: AVGWORDPERC65, Mean Trend (%): 8.72282199660924
Word: PDOLVOLLT100M, Mean Trend (%): 8.643933192893233
Word: ZSCORESUMGT800, Mean Trend (%): 8.541738561421923
Word: WORDSCORE11, Mean Trend (%): 8.290129166034575
Word: HIGHESTPSWORDPERC, Mean Trend (%): 8.03292863626849
Word: gnewsbankrupt, Mean Trend (%): 7.615357126380853
Word: gnewsbankruptcy, Mean Trend (%): 7.615357126380853
Word: HOTTHINGZSCORESUMTRENDGT100, Mean Trend (%): 7.509824684944898
Word: bounce, Mean Trend (%): 7.432967784223427
Word: FIFTY_BONUSOFFSET, Mean Trend (%): 7.409050670222607
Word: POSITIONWORDANALYSISWORDPERC50, Mean Trend (%): 7.244958443754722
Word: SUPERSTRONG_RECOFFSET, Mean Trend (%): 7.206950623931053
Word: POB40, Mean Trend (%): 7.194933113813109
Word: ACTONBUYMULTTIMEINITIAL, Mean Trend (%): 7.122963833224404
Word: RECZSCOREDIFF520, Mean Trend (%): 6.947340287620336
Word: LOWESTSINGLERECMYSCORE, Mean Trend (%): 6.715472677031982
Word: PSWORDPERC40, Mean Trend (%): 6.5816937871717665
Word: FIFTY_TICKERANALYSISOFFSET, Mean Trend (%): 6.551879250400802
Word: AVGWORDPERC35, Mean Trend (%): 6.437749239531347
Word: lunch, Mean Trend (%): 6.343633907756583
Word: HOTTHINGPSWORDPERCGT70, Mean Trend (%): 6.276766169154628
Word: HOTCOUNTWORD11, Mean Trend (%): 6.276766169154628
Word: PSWORDPERC70, Mean Trend (%): 6.276766169154628
Word: PDOLVOLLT10M, Mean Trend (%): 6.170950110413306
Word: WORDSCORE5, Mean Trend (%): 6.154341948127754
Word: WORDSCORE4, Mean Trend (%): 6.080022940960322
Word: BBSCOREGT150, Mean Trend (%): 5.9627830557610135
Word: PDOLVOLLT6M, Mean Trend (%): 5.827494143704369
Word: AVGWORDPERC20, Mean Trend (%): 5.808033385099904
Word: WORDSCORE15, Mean Trend (%): 5.656363766716862
Word: FIFTYBADTOOFARUPOFFET, Mean Trend (%): 5.5482435210624566
Word: INFLATIONCOUNTGT40, Mean Trend (%): 5.516056857312686
Word: RETURNGTNEG3, Mean Trend (%): 5.483729257652658
Word: HOTTHINGRETURNPERCTRENDLTN9, Mean Trend (%): 5.463662988207569
Word: FIFTY_LASTDAILYHISTSOFFSET, Mean Trend (%): 5.385913102440664
Word: POSITIONWORDANALYSISSINGLEGTE4, Mean Trend (%): 5.374487051824563
Word: BANKRUPTCYWF, Mean Trend (%): 5.320664360437577
Word: STBRACKETNEUTRAL, Mean Trend (%): 5.317777520613382
Word: ACTONBUYMULTTIMEDINNER, Mean Trend (%): 5.242111216974488
Word: POSITIONWORDANALYSISWORDPERC35, Mean Trend (%): 5.209986344282023
Word: SHORTINTERESTOFOSLT15, Mean Trend (%): 5.184006193758429
Word: HOTTHINGRECZSCOREDIFFLTN250, Mean Trend (%): 5.179876326844593
Word: WORDSCORE20, Mean Trend (%): 5.154605891368989
Word: SINGLEWORDPERC45, Mean Trend (%): 5.136958548683032
Word: RECZSCOREDIFFN800, Mean Trend (%): 5.093449390764052
Word: WORDSCOREN3, Mean Trend (%): 5.089734179127057
Word: HOTTHINGHUGEDOWN, Mean Trend (%): 5.069743783308925
Word: ZSCORESUMGT300, Mean Trend (%): 5.036142971204513
Word: fiveToTen, Mean Trend (%): 5.0284456945830724
Word: PDOLVOLLT50M, Mean Trend (%): 4.958393286925895
Word: SUPERSTRONG_FIVEMINUTERSIOFFSET, Mean Trend (%): 4.937791487959675
Word: SHORTINTERESTLT3, Mean Trend (%): 4.9055970877434545
Word: HOTTHINGRETURNPERCTRENDLTN3, Mean Trend (%): 4.832371286595915
Word: HOTTHINGZSCORESUMGT800, Mean Trend (%): 4.82534613638876
Word: RECZSCOREDIFFN320, Mean Trend (%): 4.761625888875283
Word: FIFTY_LOWERTSOFFSET, Mean Trend (%): 4.7171759978340875
Word: WORDMULT150, Mean Trend (%): 4.715127701374276
Word: AVGWORDPERC50, Mean Trend (%): 4.583120594249515
Word: WORDSCORE12, Mean Trend (%): 4.5795035312026675
Word: SUPERSTRONG_LOWERTSOFFSET, Mean Trend (%): 4.546952821661262
Word: ZSCORESUMGT1400, Mean Trend (%): 4.5212062567796565
Word: down30, Mean Trend (%): 4.493611109933903
Word: HOTTHINGTICKERRECSSHOULDBUY, Mean Trend (%): 4.414652276461998
Word: DTSCORELTNEG200, Mean Trend (%): 4.407664993696486
Word: POSITIONWORDANALYSISSINGLEGTE2, Mean Trend (%): 4.3288967280983135
Word: WORDSCORE13, Mean Trend (%): 4.325279963542923
Word: LOWESTAVGWORDPERC, Mean Trend (%): 4.26709401884238
Word: SHORTINTERESTOFOSLT1, Mean Trend (%): 4.262574098769438
Word: PSWORDPERC45, Mean Trend (%): 4.153828854835519
Word: RETURNGT1, Mean Trend (%): 4.070850020845901
Word: HOTCOUNTWORD3, Mean Trend (%): 4.033255049699532
Word: avg, Mean Trend (%): 4.009772923253755
Word: downer, Mean Trend (%): 4.009772923253755
Word: holds, Mean Trend (%): 4.009772923253755
Word: isLessThan5Min, Mean Trend (%): 4.009772923253755
Word: zScoregt150, Mean Trend (%): 4.009772923253755
Word: HOTTHINGRECZSCOREDIFFGTRECZSCOREHIGHLIMIT, Mean Trend (%): 3.9638630030097266
Word: HOTCOUNTWORD7, Mean Trend (%): 3.9572095019028937
Word: SPLITWF, Mean Trend (%): 3.9006171258821007
Word: straightDown30, Mean Trend (%): 3.74260476506928
Word: REVERSE SPLITWF, Mean Trend (%): 3.6732195919737425
Word: SUPERSTRONG_RSIOFFSET, Mean Trend (%): 3.6233121080751296
Word: rsilt20, Mean Trend (%): 3.5973399950819243
Word: HOTCOUNTWORD4, Mean Trend (%): 3.5940439054169797
Word: RECZSCOREDIFFN480, Mean Trend (%): 3.5268606666233806
Word: WORDSCORE7, Mean Trend (%): 3.511856115620249
Word: INFLATIONCOUNTGT50, Mean Trend (%): 3.463052098948568
Word: WORDSCOREN6, Mean Trend (%): 3.433387975524046
Word: ZSCORESUMGT900, Mean Trend (%): 3.419172148026335
Word: HOTCOUNTWORD9, Mean Trend (%): 3.3825440266335227
Word: SUPERSTRONG_RECENTPICKTRENDOFFSET, Mean Trend (%): 3.3718446758427225
Word: POSITIONWORDANALYSISSINGLEGTEN1, Mean Trend (%): 3.3619388131927748
Word: ACTONBUYMULT, Mean Trend (%): 3.331792373237777
Word: POSITIONWORDANALYSISWORDPERC40, Mean Trend (%): 3.308357228327067
Word: WORDSCORE0, Mean Trend (%): 3.2619199240507286
Word: RETURNGTNEG12, Mean Trend (%): 3.224683044283785
Word: SHORTINTERESTOFOSLT40, Mean Trend (%): 3.1160325475164363
Word: HOTTHINGINFLATIONCOUNTGT30, Mean Trend (%): 3.0698606469792997
Word: WORDSCORE22, Mean Trend (%): 3.055166150045324
Word: AVGWORDPERC60, Mean Trend (%): 3.0283641837316444
Word: SUPERSTRONG_TODAYPICKOFFSET, Mean Trend (%): 2.9329438609907577
Word: POB0, Mean Trend (%): 2.9062148295814447
Word: BREAKTHROUGHWF, Mean Trend (%): 2.89945827652227
Word: ZSCORESUMGT1100, Mean Trend (%): 2.8894432878280396
Word: SINGLEWORDPERC50, Mean Trend (%): 2.703914098097207
Word: POB80, Mean Trend (%): 2.651725777189779
Word: parabolic, Mean Trend (%): 2.555237715676477
Word: POB60, Mean Trend (%): 2.546026415542395
Word: ROCKETWF, Mean Trend (%): 2.3982779221932433
Word: spread1, Mean Trend (%): 2.36747367035369
Word: POSITIONWORDANALYSISSINGLEGTE0P5, Mean Trend (%): 2.346888087948933
Word: POB50, Mean Trend (%): 2.275544148882347
Word: RECZSCOREDIFFN160, Mean Trend (%): 2.250737526524315
Word: WORDSCORE14, Mean Trend (%): 2.2217824301147457
Word: HIGHESTPOSITIONWORDANALYSISWORDPERC, Mean Trend (%): 2.1588014687247936
Word: SUPERDUPERSTRONG_LASTDAILYHISTSOFFSET, Mean Trend (%): 2.102413715746649
Word: WORDSCORE10, Mean Trend (%): 2.076142492660004
Word: POSITIONWORDANALYSISSINGLEGTEN3, Mean Trend (%): 2.058243159853117
Word: TRENDINGWF, Mean Trend (%): 2.0347065428532534
Word: PSWORDPERC50, Mean Trend (%): 1.964940038647413
Word: HOTCOUNTWORD5, Mean Trend (%): 1.9452190470351194
Word: ZSCORESUMGT1000, Mean Trend (%): 1.939748323359074
Word: RETURNGTNEG7, Mean Trend (%): 1.9215264020363831
Word: ACTONBUYMULTTIMELUNCH, Mean Trend (%): 1.9195847191651205
Word: HOTTHINGRETURNPERCTRENDLTN6, Mean Trend (%): 1.8791152866467147
Word: AVGWORDPERC25, Mean Trend (%): 1.8665729719941258
Word: ZSCORESUMGT1200, Mean Trend (%): 1.7898524183723739
Word: RECZSCOREDIFFN400, Mean Trend (%): 1.7641367842034015
Word: BANKRUPTWF, Mean Trend (%): 1.7344853247333027
Word: HOTCOUNTWORD8, Mean Trend (%): 1.712980026138139
Word: rocket, Mean Trend (%): 1.6905263157894792
Word: PSWORDPERC35, Mean Trend (%): 1.6829323228813085
Word: SUPERSTRONG_BONUSOFFSET, Mean Trend (%): 1.587634162131515
Word: FIFTY_TSLOFFSET, Mean Trend (%): 1.5348415691020485
Word: POB10, Mean Trend (%): 1.389287044676077
Word: HIGHESTAVGWORDPERC, Mean Trend (%): 1.3781460703147252
Word: AVGWORDPERC40, Mean Trend (%): 1.348327635128846
Word: SUPERSTRONG_LASTDAILYHISTSOFFSET, Mean Trend (%): 1.3424529583120053
Word: FIFTY_FIVEMINUTERSIOFFSET, Mean Trend (%): 1.222637206237686
Word: WORDSCORE6, Mean Trend (%): 1.2150715001156573
Word: WORDSCORE8, Mean Trend (%): 1.1881821118663116
Word: HOTTHINGAWHIGHESTSINGLEWORDPERC, Mean Trend (%): 1.1762599229852149
Word: HIGHESTSINGLEWORDPERC, Mean Trend (%): 1.1762599229852149
Word: LEADERSHIPWF, Mean Trend (%): 1.1417082138211823
Word: LOWESTPSWORDPERC, Mean Trend (%): 1.1299455958742208
Word: SUPERSTRONG_VOLUMEOFFSET, Mean Trend (%): 1.0851733543013389
Word: WORDSCORE3, Mean Trend (%): 1.0498186714570974
Word: POB90, Mean Trend (%): 1.0192325929632307
Word: notWatchout, Mean Trend (%): 1.0185813311140945
Word: SUPERSTRONG_JOHNSFAVOFFSET, Mean Trend (%): 0.9936960816060852
Word: POSITIONWORDANALYSISWORDPERC45, Mean Trend (%): 0.9476025360873528
Word: SUPERSTRONG_STSENTOFFSET, Mean Trend (%): 0.9006059126043605
Word: DOUBLE BOTTOMWF, Mean Trend (%): 0.8975401198901306
Word: POB20, Mean Trend (%): 0.8802186167907307
Word: FIFTYBADBADWORDOFFSET, Mean Trend (%): 0.8475368591001788
Word: golden, Mean Trend (%): 0.7643265890956532
Word: cross, Mean Trend (%): 0.7643265890956532
Word: goldenCross, Mean Trend (%): 0.7643265890956532
Word: WORDSCOREN2, Mean Trend (%): 0.7306527100588391
Word: OFFERINGWF, Mean Trend (%): 0.6788028989833537
Word: WORDSCOREN4, Mean Trend (%): 0.6639260743042138
Word: FIFTY_VOLUMEOFFSET, Mean Trend (%): 0.6621244161765458
Word: SHORTINTERESTLT8, Mean Trend (%): 0.6392575458032757
Word: ZSCORESUMGT1300, Mean Trend (%): 0.6384749711875038
Word: POB30, Mean Trend (%): 0.6265384313959496
Word: RECZSCOREDIFFN80, Mean Trend (%): 0.6194204330476885
Word: WORDSCORE1, Mean Trend (%): 0.5294701314884444
Word: POSITIONWORDANALYSISWORDPERC60, Mean Trend (%): 0.5243833982349472
Word: neutral, Mean Trend (%): 0.4803804737321006
Word: HOTTHINGTICKERRECSMYSCOREGT53, Mean Trend (%): 0.4148755211037663
Word: RETURNGTNEG1, Mean Trend (%): 0.37602629421138656
Word: PSWORDPERC25, Mean Trend (%): 0.2963478870579595
Word: SUPERDUPERSTRONG_LOWERTSOFFSET, Mean Trend (%): 0.2918550815470868
Word: SINGLEWORDPERC40, Mean Trend (%): 0.22988295953716836
Word: 10min, Mean Trend (%): 0.08532566722230321
Word: AVGWORDPERC55, Mean Trend (%): 0.05253914635645718
Word: FIFTY_RSIOFFSET, Mean Trend (%): -0.13170729008158596
Word: ACTONBUYMULTTIMEAFTERHOURS, Mean Trend (%): -0.16350871051051258
Word: SUPERDUPERSTRONG_STSENTOFFSET, Mean Trend (%): -0.2398445915237513
Word: WORDSCORE2, Mean Trend (%): -0.2978633045599463
Word: notStraightDowner, Mean Trend (%): -0.3393077074657221
Word: AVGWORDPERC45, Mean Trend (%): -0.3561575630558421
Word: average down, Mean Trend (%): -0.42933996086436405
Word: rsi, Mean Trend (%): -0.6240018461001575
Word: PDOLVOLNOTDEFINED, Mean Trend (%): -0.6242533318954008
Word: dailyRSIlt30, Mean Trend (%): -0.6321456982696777
Word: FIFTYBADCHINAOFFSET, Mean Trend (%): -0.6989471156628025
Word: ZSCORESUMGT500, Mean Trend (%): -0.7004451454133761
Word: fraud, Mean Trend (%): -0.7424626655399197
Word: BBSCOREGT450, Mean Trend (%): -0.7728783181294554
Word: delist, Mean Trend (%): -0.7935763685184352
Word: PSWORDPERC55, Mean Trend (%): -0.7979178441302456
Word: INFLATIONCOUNTGT20, Mean Trend (%): -0.8194444940236214
Word: SPACWF, Mean Trend (%): -0.839625026389951
Word: FIFTYBADRSIOFFSET, Mean Trend (%): -0.9475316689966389
Word: PSWORDPERC30, Mean Trend (%): -0.9882800002199734
Word: AVGWORDPERC75, Mean Trend (%): -0.9954043381736063
Word: DELISTWF, Mean Trend (%): -1.0050607760697612
Word: INFLATIONCOUNTGT60, Mean Trend (%): -1.0485199992992276
Word: HOTTHINGAVGWORDPERCGT70, Mean Trend (%): -1.1479792026400484
Word: AVGWORDPERC70, Mean Trend (%): -1.1601851917973636
Word: WORDSCOREN5, Mean Trend (%): -1.2050267440812337
Word: SINGLEWORDPERC35, Mean Trend (%): -1.2442927110139828
Word: STBRACKETBEARISH, Mean Trend (%): -1.3894943311398584
Word: 30min, Mean Trend (%): -1.4248884509062993
Word: LOWESTPOSITIONWORDANALYSISWORDPERC, Mean Trend (%): -1.6035238682921578
Word: rhtop100, Mean Trend (%): -1.6575833779941422
Word: SUPERSTRONG_VOLUMETOFLOATOFFSET, Mean Trend (%): -1.7335209562245562
Word: AVGWORDPERC30, Mean Trend (%): -1.7398905694371445
Word: HOTCOUNTWORD2, Mean Trend (%): -1.755423752519585
Word: bankrupt, Mean Trend (%): -1.8128524772724173
Word: bankruptcy, Mean Trend (%): -1.8128524772724173
Word: INFLATIONCOUNTGT30, Mean Trend (%): -1.9661924147687624
Word: ZSCORESUMGT600, Mean Trend (%): -1.9956327369572335
Word: rsilt25, Mean Trend (%): -2.031115793160851
Word: FIFTY_RECOFFSET, Mean Trend (%): -2.187097172564464
Word: HOTCOUNTWORD1, Mean Trend (%): -2.282120344330633
Word: mediumJump, Mean Trend (%): -2.3111350255658007
Word: restOS, Mean Trend (%): -2.321973959584033
Word: WORDSCORE9, Mean Trend (%): -2.4000684229257434
Word: avgDollarVolume10000, Mean Trend (%): -2.6189159556046886
Word: FIFTYBADTSLOFFSET, Mean Trend (%): -2.734183391605876
Word: STBRACKETBULLISH, Mean Trend (%): -2.8531449136530385
Word: down20, Mean Trend (%): -2.8598934166759515
Word: SHORTINTERESTLT40, Mean Trend (%): -2.977982677040272
Word: brunch, Mean Trend (%): -3.0040997280060306
Word: FUCKWF, Mean Trend (%): -3.1839085539312935
Word: RECZSCOREDIFF40, Mean Trend (%): -3.3220192685535124
Word: gnewsoffering, Mean Trend (%): -3.437750514892518
Word: offering, Mean Trend (%): -3.4666783648292636
Word: DTSCORELTNEG300, Mean Trend (%): -3.511734629063657
Word: BOUNCEWF, Mean Trend (%): -3.5186674471150488
Word: BBSCOREGTN100, Mean Trend (%): -3.538344795535985
Word: bearish, Mean Trend (%): -3.620144800968165
Word: HIGHESTSINGLERECMYSCORE, Mean Trend (%): -3.7505500254231734
Word: INFLATIONCOUNTGT5, Mean Trend (%): -3.7904266680223326
Word: AVGWORDPERC15, Mean Trend (%): -3.7904266680223326
Word: SINGLEWORDPERC25, Mean Trend (%): -3.7904266680223326
Word: avgDollarVolume3500, Mean Trend (%): -3.9696641468002944
Word: sudden, Mean Trend (%): -4.291197187204963
Word: drops, Mean Trend (%): -4.291197187204963
Word: POSITIONWORDANALYSISWORDPERC55, Mean Trend (%): -4.471186362337156
Word: FIFTY_ASKBELOWLASTOFFSET, Mean Trend (%): -4.537905026536995
Word: ZSCORESUMGT700, Mean Trend (%): -4.6406750590696895
Word: BUYINGTRIEDTOBUY, Mean Trend (%): -4.809193342799482
Word: RECZSCOREDIFF440, Mean Trend (%): -5.012486676401174
Word: mostBearish, Mean Trend (%): -5.092256676452208
Word: BBSCOREGT250, Mean Trend (%): -5.302338791286494
Word: tickerRecTickers, Mean Trend (%): -5.458546249930785
Word: SHORTINTERESTLT1, Mean Trend (%): -5.672954529776332
Word: RECZSCOREDIFF400, Mean Trend (%): -5.727356871020223
Word: POSITIONWORDANALYSISSINGLEGTE7, Mean Trend (%): -5.754661799078093
Word: FRAUDWF, Mean Trend (%): -5.788121242427372
Word: 5min, Mean Trend (%): -6.02375157863923
Word: minorJump, Mean Trend (%): -6.02375157863923
Word: dailyRSIgt30, Mean Trend (%): -6.107313431767508
Word: INFLATIONCOUNTGT10, Mean Trend (%): -6.113006796796213
Word: RETURNGT4, Mean Trend (%): -6.151978381729439
Word: avgDollarVolume20000, Mean Trend (%): -6.1588582097051985
Word: WORDSCORE21, Mean Trend (%): -6.205027566663864
Word: SHORTINTERESTOFOSLT70, Mean Trend (%): -6.254474368873973
Word: NOTOPENED, Mean Trend (%): -6.348823948030566
Word: ACTONBUYMULTTIMEPREMARKET, Mean Trend (%): -6.4212202965149485
Word: POSITIONWORDANALYSISSINGLEGTEN7, Mean Trend (%): -6.45723190809044
Word: spac, Mean Trend (%): -6.484565066322766
Word: avgh10, Mean Trend (%): -6.556421521259375
Word: FIFTYBADPRICETOOLOWOFFSET, Mean Trend (%): -6.711601999770178
Word: manual, Mean Trend (%): -6.768294932246029
Word: dinner, Mean Trend (%): -6.8056587961659
Word: twoToFive, Mean Trend (%): -6.849191509295246
Word: firstAlert, Mean Trend (%): -6.967762394723341
Word: RECZSCOREDIFF160, Mean Trend (%): -7.095529427750922
Word: HOTTHINGSINGLEWORDPERCGT55, Mean Trend (%): -7.144507297189666
Word: SINGLEWORDPERC55, Mean Trend (%): -7.144507297189666
Word: ZSCORESUMGT400, Mean Trend (%): -7.353728337047684
Word: spread2, Mean Trend (%): -7.82035584301948
Word: PDOLVOLLT3M, Mean Trend (%): -7.8214545301625344
Word: WORDSCORE16, Mean Trend (%): -7.853240112425251
Word: REVERSALWF, Mean Trend (%): -8.109828286207934
Word: FIFTY_JOHNSFAVOFFSET, Mean Trend (%): -8.733410031228978
Word: down40, Mean Trend (%): -8.80146631165918
Word: BBSCOREGTN50, Mean Trend (%): -8.976125221982043
Word: WORDSCOREN1, Mean Trend (%): -9.220158005915865
Word: afterhours, Mean Trend (%): -9.327401237641938
Word: PARABOLICWF, Mean Trend (%): -9.379198816224495
Word: spread3, Mean Trend (%): -9.424427956982493
Word: RECZSCOREDIFF200, Mean Trend (%): -9.521935756386808
Word: straightDown60, Mean Trend (%): -9.911163531470473
Word: spread5, Mean Trend (%): -10.587039457442398
Word: zeroToOne, Mean Trend (%): -10.985833754959035
Word: PSWORDPERC60, Mean Trend (%): -11.107437430500319
Word: bullish, Mean Trend (%): -11.902467321209642
Word: RECZSCOREDIFF80, Mean Trend (%): -12.297828146405339
Word: watchout, Mean Trend (%): -12.545635848443396
Word: PDOLVOLLT1P5M, Mean Trend (%): -14.920276181679153
Word: spreadgt6, Mean Trend (%): -15.120640066104183
Word: dailyRSIgt50, Mean Trend (%): -15.211625064758369
Word: straightDown90, Mean Trend (%): -18.99884504960572
Word: supr, Mean Trend (%): -19.523586088465077
Word: dwn, Mean Trend (%): -19.523586088465077
Word: SHORTINTERESTOFOSLT3, Mean Trend (%): -20.88756357838028
Word: stocktwits, Mean Trend (%): -21.215498039663622
Word: rhListdefault, Mean Trend (%): -21.53461130394804
Word: reversal, Mean Trend (%): -21.89908801898621
Word: DTSCOREGT200, Mean Trend (%): -23.34086160251368
Word: down10, Mean Trend (%): -25.48564332867979
Word: PSWORDPERC65, Mean Trend (%): -30.36432379111878
Word: mostBullish, Mean Trend (%): -37.338739402875035
Word: FIFTYBADNOTALOTOFDAILYOFFSET, Mean Trend (%): -45.487285403082694